<?xml version="1.0" encoding="UTF-8"?>
<!-- Generated by org.testng.reporters.JUnitReportReporter -->
<testsuite skipped="0" hostname="EBL00094203HS" name="com.banking.processes.Banking_Processes_Demo.Registration" tests="1" failures="0" timestamp="2022-04-01T00:19:49 EAT" time="136.964" errors="0">
  <testcase name="PositiveRegistration" time="136.964" classname="com.banking.processes.Banking_Processes_Demo.Registration"/>
  <system-out/>
</testsuite> <!-- com.banking.processes.Banking_Processes_Demo.Registration -->
